<?xml version="1.0" encoding="UTF-8"?>
<!-- Generated by org.testng.reporters.JUnitReportReporter -->
<testsuite hostname="AKHILESG-IN" name="FirstMavenPackage.FacebookAutomationProject.FacebookLoginPageTwo" tests="1" failures="0" timestamp="26 Sep 2020 16:54:46 GMT" time="0.028" errors="0">
  <testcase name="TestHelloMessage" time="0.028" classname="FirstMavenPackage.FacebookAutomationProject.FacebookLoginPageTwo"/>
</testsuite> <!-- FirstMavenPackage.FacebookAutomationProject.FacebookLoginPageTwo -->
