<?xml version="1.0" encoding="UTF-8"?>
<!-- Generated by org.testng.reporters.JUnitReportReporter -->
<testsuite skipped="0" hostname="AKHILESG-IN" name="FirstMavenPackage.FacebookAutomationProject.FacebookLoginTestCases" tests="1" failures="0" timestamp="04 Oct 2020 06:43:15 GMT" time="31.164" errors="0">
  <testcase name="TC01_VerifyInvalidCredLogin" time="31.164" classname="FirstMavenPackage.FacebookAutomationProject.FacebookLoginTestCases"/>
</testsuite> <!-- FirstMavenPackage.FacebookAutomationProject.FacebookLoginTestCases -->
