<?xml version="1.0" encoding="UTF-8"?>
<!-- Generated by org.testng.reporters.JUnitReportReporter -->
<testsuite skipped="0" hostname="AKHILESG-IN" name="FirstMavenPackage.FacebookAutomationProject.FacebookLoginTestCases" tests="1" failures="0" timestamp="27 Sep 2020 08:29:30 GMT" time="19.909" errors="0">
  <testcase name="TC01_VerifyInvalidCredLogin" time="19.909" classname="FirstMavenPackage.FacebookAutomationProject.FacebookLoginTestCases"/>
</testsuite> <!-- FirstMavenPackage.FacebookAutomationProject.FacebookLoginTestCases -->
